// JS
undefined
//Dynamically Typed
undefined
// V8
undefined
//Variables
undefined
var a = 10;
undefined
typeof a;
'number'
a = "Yash"l
VM340:1 Uncaught SyntaxError: Unexpected identifier 'l'
a = "Yash";
'Yash'
typeof a;
'string'
var a = "89";
undefined
var a = 78;
undefined
//Datatypes
undefined
// Primitive , Non - Primitive 
undefined
value Type , Refrence Type 
VM626:1 Uncaught SyntaxError: Unexpected identifier 'Type'
// value Type , Refrence Type 
undefined
//7
undefined
//Number 
undefined
var a =10;
undefined
//String 
undefined
a = "Yash";
'Yash'
typeof a;
'string'
a.toUpperCase();
'YASH'
a.charAt(2);
's'
a.substring(1 , 3);
'as'
//boolean
undefined
a = true;
true
a = false;
false
typeof a;
'boolean'
//Bigint
undefined
Number.MAX_SAFE_INTEGER;
9007199254740991
a = 3928792337374383733287;
3.9287923373743837e+21
a = 327327232376327632873787n;
327327232376327632873787n
typeof a;
'bigint'
//undefined
undefined
var f;
undefined
f;
undefined
typeof f;
'undefined'
a;
327327232376327632873787n
a = undefined;
undefined
a;
undefined
//null
undefined
a = [];
[]
a = null;
null
a;
null
typeof null;
'object'
var a = 10;
undefined
a = null;
null
//Symbol
undefined
a = "Yash";
'Yash'
var b = "Yash";
undefined
a == b;
true
a === b;
true
10 == "10";
true
10 === "10";
false
undefined == null;
true
undefined === null;
false
a = Symbol("Yash");
Symbol(Yash)
b = Symbol("Yash");
Symbol(Yash)
a == b;
false
